<?xml version="1.0" encoding="UTF-8"?>
<!-- Generated by org.testng.reporters.JUnitXMLReporter -->
<testsuite hostname="360NDCLP164" ignored="0" name="Test" tests="1" failures="1" timestamp="2020-12-30T19:19:09 IST" time="48.482" errors="0">
  <testcase name="verifyWeatherReportingComparator" time="9.05" classname="Scripts.WeatherReportingComparator">
    <failure type="java.lang.AssertionError" message="Variance is greater than 2">
      <![CDATA[java.lang.AssertionError: Variance is greater than 2
at Scripts.WeatherReportingComparator.verifyWeatherReportingComparator(WeatherReportingComparator.java:72)
at java.util.ArrayList.forEach(ArrayList.java:1257)
at java.util.concurrent.FutureTask.run(FutureTask.java:266)
at java.util.concurrent.ThreadPoolExecutor.runWorker(ThreadPoolExecutor.java:1149)
at java.util.concurrent.ThreadPoolExecutor$Worker.run(ThreadPoolExecutor.java:624)
at java.lang.Thread.run(Thread.java:748)
... Removed 19 stack frames]]>
    </failure>
  </testcase> <!-- verifyWeatherReportingComparator -->
</testsuite> <!-- Test -->
